2025/04/30 19:53:41 main.go:35: Приложение запущено
2025/04/30 19:53:41 main.go:38: Попытка подключения к БД...
2025/04/30 19:53:41 log.go:30: goose: no migrations to run. current version: 20250430144741
2025/04/30 19:53:41 database.go:50: База данных инициализирована и миграции успешно применены
2025/04/30 19:55:19 main.go:35: Приложение запущено
2025/04/30 19:55:19 main.go:38: Попытка подключения к БД...
2025/04/30 19:55:19 log.go:30: goose: no migrations to run. current version: 20250430144741
2025/04/30 19:55:19 database.go:50: База данных инициализирована и миграции успешно применены
2025/04/30 20:01:43 main.go:35: Приложение запущено
2025/04/30 20:01:43 main.go:38: Попытка подключения к БД...
2025/04/30 20:01:43 log.go:30: goose: no migrations to run. current version: 20250430144741
2025/04/30 20:01:43 database.go:50: База данных инициализирована и миграции успешно применены
2025/04/30 20:03:00 main.go:35: Приложение запущено
2025/04/30 20:03:00 main.go:38: Попытка подключения к БД...
2025/04/30 20:03:00 log.go:30: goose: no migrations to run. current version: 20250430144741
2025/04/30 20:03:00 database.go:50: База данных инициализирована и миграции успешно применены
2025/04/30 20:03:04 user_service.go:125: User before unblock: ID=13, IsBlocked=true
2025/04/30 20:03:04 user_service.go:138: User after unblock: ID=13, IsBlocked=true
2025/04/30 20:03:04 user_service.go:125: User before unblock: ID=13, IsBlocked=true
2025/04/30 20:03:04 user_service.go:138: User after unblock: ID=13, IsBlocked=true
2025/04/30 20:03:05 user_service.go:125: User before unblock: ID=13, IsBlocked=true
2025/04/30 20:03:05 user_service.go:138: User after unblock: ID=13, IsBlocked=true
2025/04/30 20:03:12 user_service.go:125: User before unblock: ID=13, IsBlocked=true
2025/04/30 20:03:12 user_service.go:138: User after unblock: ID=13, IsBlocked=true
2025/04/30 20:03:13 user_service.go:125: User before unblock: ID=13, IsBlocked=true
2025/04/30 20:03:13 user_service.go:138: User after unblock: ID=13, IsBlocked=true
2025/04/30 20:07:18 main.go:35: Приложение запущено
2025/04/30 20:07:18 main.go:38: Попытка подключения к БД...
2025/04/30 20:07:18 log.go:30: goose: no migrations to run. current version: 20250430144741
2025/04/30 20:07:18 database.go:50: База данных инициализирована и миграции успешно применены
2025/04/30 20:07:46 user_service.go:125: User before unblock: ID=6, IsBlocked=true
2025/04/30 20:07:46 user_service.go:138: User after unblock: ID=6, IsBlocked=true
2025/04/30 20:07:47 user_service.go:125: User before unblock: ID=6, IsBlocked=true
2025/04/30 20:07:47 user_service.go:138: User after unblock: ID=6, IsBlocked=true
2025/04/30 20:07:47 user_service.go:125: User before unblock: ID=6, IsBlocked=true
2025/04/30 20:07:47 user_service.go:138: User after unblock: ID=6, IsBlocked=true
2025/04/30 20:17:33 user_service.go:125: User before unblock: ID=6, IsBlocked=true
2025/04/30 20:17:33 user_service.go:138: User after unblock: ID=6, IsBlocked=true
2025/04/30 20:20:04 main.go:35: Приложение запущено
2025/04/30 20:20:04 main.go:38: Попытка подключения к БД...
2025/04/30 20:20:04 log.go:30: goose: no migrations to run. current version: 20250430144741
2025/04/30 20:20:04 database.go:50: База данных инициализирована и миграции успешно применены
2025/04/30 20:20:07 user_service.go:125: User before unblock: ID=6, IsBlocked=true
2025/04/30 20:20:07 user_service.go:138: User after unblock: ID=6, IsBlocked=false
2025/04/30 20:20:22 user_service.go:125: User before unblock: ID=6, IsBlocked=true
2025/04/30 20:20:22 user_service.go:138: User after unblock: ID=6, IsBlocked=false
2025/04/30 20:21:43 main.go:35: Приложение запущено
2025/04/30 20:21:43 main.go:38: Попытка подключения к БД...
2025/04/30 20:21:43 log.go:30: goose: no migrations to run. current version: 20250430144741
2025/04/30 20:21:43 database.go:50: База данных инициализирована и миграции успешно применены
2025/04/30 20:21:52 user_service.go:125: User before unblock: ID=6, IsBlocked=true
2025/04/30 20:21:52 user_service.go:138: User after unblock: ID=6, IsBlocked=false
2025/04/30 20:23:32 main.go:35: Приложение запущено
2025/04/30 20:23:32 main.go:38: Попытка подключения к БД...
2025/04/30 20:23:32 log.go:30: goose: no migrations to run. current version: 20250430144741
2025/04/30 20:23:32 database.go:50: База данных инициализирована и миграции успешно применены
2025/04/30 20:23:37 user_service.go:125: User before unblock: ID=6, IsBlocked=true
2025/04/30 20:23:37 user_service.go:138: User after unblock: ID=6, IsBlocked=false
2025/04/30 20:25:16 user_service.go:125: User before unblock: ID=13, IsBlocked=true
2025/04/30 20:25:16 user_service.go:138: User after unblock: ID=13, IsBlocked=false
2025/04/30 20:26:33 main.go:35: Приложение запущено
2025/04/30 20:26:33 main.go:38: Попытка подключения к БД...
2025/04/30 20:26:33 log.go:30: goose: no migrations to run. current version: 20250430144741
2025/04/30 20:26:33 database.go:50: База данных инициализирована и миграции успешно применены
2025/04/30 20:30:49 main.go:35: Приложение запущено
2025/04/30 20:30:49 main.go:38: Попытка подключения к БД...
2025/04/30 20:30:49 log.go:30: goose: no migrations to run. current version: 20250430144741
2025/04/30 20:30:49 database.go:50: База данных инициализирована и миграции успешно применены
2025/04/30 20:31:01 user_service.go:125: User before unblock: ID=13, IsBlocked=false
2025/04/30 20:31:01 user_service.go:138: User after unblock: ID=13, IsBlocked=false
2025/04/30 20:31:30 main.go:35: Приложение запущено
2025/04/30 20:31:30 main.go:38: Попытка подключения к БД...
2025/04/30 20:31:30 log.go:30: goose: no migrations to run. current version: 20250430144741
2025/04/30 20:31:30 database.go:50: База данных инициализирована и миграции успешно применены
2025/04/30 20:32:02 main.go:35: Приложение запущено
2025/04/30 20:32:02 main.go:38: Попытка подключения к БД...
2025/04/30 20:32:02 log.go:30: goose: no migrations to run. current version: 20250430144741
2025/04/30 20:32:02 database.go:50: База данных инициализирована и миграции успешно применены
2025/04/30 20:32:17 user_service.go:125: User before unblock: ID=13, IsBlocked=false
2025/04/30 20:32:17 user_service.go:138: User after unblock: ID=13, IsBlocked=false
2025/04/30 20:46:25 main.go:35: Приложение запущено
2025/04/30 20:46:25 main.go:38: Попытка подключения к БД...
2025/04/30 20:46:25 log.go:30: goose: no migrations to run. current version: 20250430144741
2025/04/30 20:46:25 database.go:50: База данных инициализирована и миграции успешно применены
2025/04/30 20:46:47 user_service.go:125: User before unblock: ID=6, IsBlocked=true
2025/04/30 20:46:47 user_service.go:138: User after unblock: ID=6, IsBlocked=true
2025/04/30 20:50:39 main.go:35: Приложение запущено
2025/04/30 20:50:39 main.go:38: Попытка подключения к БД...
2025/04/30 20:50:39 log.go:30: goose: no migrations to run. current version: 20250430144741
2025/04/30 20:50:39 database.go:50: База данных инициализирована и миграции успешно применены
2025/04/30 20:53:47 main.go:35: Приложение запущено
2025/04/30 20:53:47 main.go:38: Попытка подключения к БД...
2025/04/30 20:53:47 log.go:30: goose: no migrations to run. current version: 20250430144741
2025/04/30 20:53:47 database.go:50: База данных инициализирована и миграции успешно применены
2025/04/30 20:58:34 main.go:35: Приложение запущено
2025/04/30 20:58:34 main.go:38: Попытка подключения к БД...
2025/04/30 20:58:34 log.go:30: goose: no migrations to run. current version: 20250430144741
2025/04/30 20:58:34 database.go:50: База данных инициализирована и миграции успешно применены
